E0925 15:39:01.270098    2086 dev.go:79] Failed to load initial config from "/home/user/studio/dataconnect": location is required in dataconnect.yaml at `/home/user/studio/dataconnect/dataconnect.yaml`
I0925 15:39:01.331898    2086 dev.go:102] Listening on address (HTTP + gRPC): 127.0.0.1:50001
E0925 15:39:11.282461    2086 watch.go:31] Failed to load config from "/home/user/studio/dataconnect": location is required in dataconnect.yaml at `/home/user/studio/dataconnect/dataconnect.yaml`
E0925 15:39:21.283429    2086 watch.go:31] Failed to load config from "/home/user/studio/dataconnect": location is required in dataconnect.yaml at `/home/user/studio/dataconnect/dataconnect.yaml`
E0925 15:39:31.274785    2086 watch.go:31] Failed to load config from "/home/user/studio/dataconnect": location is required in dataconnect.yaml at `/home/user/studio/dataconnect/dataconnect.yaml`
E0925 15:39:41.283383    2086 watch.go:31] Failed to load config from "/home/user/studio/dataconnect": location is required in dataconnect.yaml at `/home/user/studio/dataconnect/dataconnect.yaml`
E0925 15:39:51.283672    2086 watch.go:31] Failed to load config from "/home/user/studio/dataconnect": location is required in dataconnect.yaml at `/home/user/studio/dataconnect/dataconnect.yaml`
E0925 15:40:01.274596    2086 watch.go:31] Failed to load config from "/home/user/studio/dataconnect": location is required in dataconnect.yaml at `/home/user/studio/dataconnect/dataconnect.yaml`
E0925 15:40:11.283390    2086 watch.go:31] Failed to load config from "/home/user/studio/dataconnect": location is required in dataconnect.yaml at `/home/user/studio/dataconnect/dataconnect.yaml`
E0925 15:40:21.277367    2086 watch.go:31] Failed to load config from "/home/user/studio/dataconnect": location is required in dataconnect.yaml at `/home/user/studio/dataconnect/dataconnect.yaml`
E0925 15:40:31.274744    2086 watch.go:31] Failed to load config from "/home/user/studio/dataconnect": location is required in dataconnect.yaml at `/home/user/studio/dataconnect/dataconnect.yaml`
E0925 15:40:41.282278    2086 watch.go:31] Failed to load config from "/home/user/studio/dataconnect": location is required in dataconnect.yaml at `/home/user/studio/dataconnect/dataconnect.yaml`
E0925 15:40:51.284061    2086 watch.go:31] Failed to load config from "/home/user/studio/dataconnect": location is required in dataconnect.yaml at `/home/user/studio/dataconnect/dataconnect.yaml`
E0925 15:41:01.275060    2086 watch.go:31] Failed to load config from "/home/user/studio/dataconnect": location is required in dataconnect.yaml at `/home/user/studio/dataconnect/dataconnect.yaml`
E0925 15:41:11.371977    2086 watch.go:31] Failed to load config from "/home/user/studio/dataconnect": location is required in dataconnect.yaml at `/home/user/studio/dataconnect/dataconnect.yaml`
E0925 15:41:21.274866    2086 watch.go:31] Failed to load config from "/home/user/studio/dataconnect": location is required in dataconnect.yaml at `/home/user/studio/dataconnect/dataconnect.yaml`
E0925 15:41:31.275311    2086 watch.go:31] Failed to load config from "/home/user/studio/dataconnect": location is required in dataconnect.yaml at `/home/user/studio/dataconnect/dataconnect.yaml`
E0925 15:41:41.276456    2086 watch.go:31] Failed to load config from "/home/user/studio/dataconnect": location is required in dataconnect.yaml at `/home/user/studio/dataconnect/dataconnect.yaml`
E0925 15:41:51.286789    2086 watch.go:31] Failed to load config from "/home/user/studio/dataconnect": location is required in dataconnect.yaml at `/home/user/studio/dataconnect/dataconnect.yaml`
E0925 15:42:01.274703    2086 watch.go:31] Failed to load config from "/home/user/studio/dataconnect": location is required in dataconnect.yaml at `/home/user/studio/dataconnect/dataconnect.yaml`
E0925 15:42:11.283917    2086 watch.go:31] Failed to load config from "/home/user/studio/dataconnect": location is required in dataconnect.yaml at `/home/user/studio/dataconnect/dataconnect.yaml`
E0925 15:42:21.284086    2086 watch.go:31] Failed to load config from "/home/user/studio/dataconnect": location is required in dataconnect.yaml at `/home/user/studio/dataconnect/dataconnect.yaml`
E0925 15:42:31.275486    2086 watch.go:31] Failed to load config from "/home/user/studio/dataconnect": location is required in dataconnect.yaml at `/home/user/studio/dataconnect/dataconnect.yaml`
E0925 15:42:41.284548    2086 watch.go:31] Failed to load config from "/home/user/studio/dataconnect": location is required in dataconnect.yaml at `/home/user/studio/dataconnect/dataconnect.yaml`
E0925 15:42:51.283778    2086 watch.go:31] Failed to load config from "/home/user/studio/dataconnect": location is required in dataconnect.yaml at `/home/user/studio/dataconnect/dataconnect.yaml`
E0925 15:43:01.275260    2086 watch.go:31] Failed to load config from "/home/user/studio/dataconnect": location is required in dataconnect.yaml at `/home/user/studio/dataconnect/dataconnect.yaml`
E0925 15:43:11.275428    2086 watch.go:31] Failed to load config from "/home/user/studio/dataconnect": location is required in dataconnect.yaml at `/home/user/studio/dataconnect/dataconnect.yaml`
E0925 15:43:21.274822    2086 watch.go:31] Failed to load config from "/home/user/studio/dataconnect": location is required in dataconnect.yaml at `/home/user/studio/dataconnect/dataconnect.yaml`
E0925 15:43:31.275246    2086 watch.go:31] Failed to load config from "/home/user/studio/dataconnect": location is required in dataconnect.yaml at `/home/user/studio/dataconnect/dataconnect.yaml`
E0925 15:43:41.274762    2086 watch.go:31] Failed to load config from "/home/user/studio/dataconnect": location is required in dataconnect.yaml at `/home/user/studio/dataconnect/dataconnect.yaml`
E0925 15:43:51.276461    2086 watch.go:31] Failed to load config from "/home/user/studio/dataconnect": location is required in dataconnect.yaml at `/home/user/studio/dataconnect/dataconnect.yaml`
E0925 15:44:01.274644    2086 watch.go:31] Failed to load config from "/home/user/studio/dataconnect": location is required in dataconnect.yaml at `/home/user/studio/dataconnect/dataconnect.yaml`
E0925 15:44:11.284040    2086 watch.go:31] Failed to load config from "/home/user/studio/dataconnect": location is required in dataconnect.yaml at `/home/user/studio/dataconnect/dataconnect.yaml`
E0925 15:44:21.280016    2086 watch.go:31] Failed to load config from "/home/user/studio/dataconnect": location is required in dataconnect.yaml at `/home/user/studio/dataconnect/dataconnect.yaml`
E0925 15:44:31.275060    2086 watch.go:31] Failed to load config from "/home/user/studio/dataconnect": location is required in dataconnect.yaml at `/home/user/studio/dataconnect/dataconnect.yaml`
E0925 15:44:41.284252    2086 watch.go:31] Failed to load config from "/home/user/studio/dataconnect": location is required in dataconnect.yaml at `/home/user/studio/dataconnect/dataconnect.yaml`
E0925 15:44:51.276849    2086 watch.go:31] Failed to load config from "/home/user/studio/dataconnect": location is required in dataconnect.yaml at `/home/user/studio/dataconnect/dataconnect.yaml`
E0925 15:45:01.274719    2086 watch.go:31] Failed to load config from "/home/user/studio/dataconnect": location is required in dataconnect.yaml at `/home/user/studio/dataconnect/dataconnect.yaml`
E0925 15:45:11.283889    2086 watch.go:31] Failed to load config from "/home/user/studio/dataconnect": location is required in dataconnect.yaml at `/home/user/studio/dataconnect/dataconnect.yaml`
E0925 15:45:21.274816    2086 watch.go:31] Failed to load config from "/home/user/studio/dataconnect": location is required in dataconnect.yaml at `/home/user/studio/dataconnect/dataconnect.yaml`
E0925 15:45:31.274751    2086 watch.go:31] Failed to load config from "/home/user/studio/dataconnect": location is required in dataconnect.yaml at `/home/user/studio/dataconnect/dataconnect.yaml`
E0925 15:45:41.276598    2086 watch.go:31] Failed to load config from "/home/user/studio/dataconnect": location is required in dataconnect.yaml at `/home/user/studio/dataconnect/dataconnect.yaml`
E0925 15:45:51.275864    2086 watch.go:31] Failed to load config from "/home/user/studio/dataconnect": location is required in dataconnect.yaml at `/home/user/studio/dataconnect/dataconnect.yaml`
E0925 15:46:01.275356    2086 watch.go:31] Failed to load config from "/home/user/studio/dataconnect": location is required in dataconnect.yaml at `/home/user/studio/dataconnect/dataconnect.yaml`
E0925 15:46:11.283782    2086 watch.go:31] Failed to load config from "/home/user/studio/dataconnect": location is required in dataconnect.yaml at `/home/user/studio/dataconnect/dataconnect.yaml`
E0925 15:46:21.283924    2086 watch.go:31] Failed to load config from "/home/user/studio/dataconnect": location is required in dataconnect.yaml at `/home/user/studio/dataconnect/dataconnect.yaml`
E0925 15:46:31.275372    2086 watch.go:31] Failed to load config from "/home/user/studio/dataconnect": location is required in dataconnect.yaml at `/home/user/studio/dataconnect/dataconnect.yaml`
E0925 15:46:41.279976    2086 watch.go:31] Failed to load config from "/home/user/studio/dataconnect": location is required in dataconnect.yaml at `/home/user/studio/dataconnect/dataconnect.yaml`
E0925 15:46:51.280759    2086 watch.go:31] Failed to load config from "/home/user/studio/dataconnect": location is required in dataconnect.yaml at `/home/user/studio/dataconnect/dataconnect.yaml`
E0925 15:47:01.275119    2086 watch.go:31] Failed to load config from "/home/user/studio/dataconnect": location is required in dataconnect.yaml at `/home/user/studio/dataconnect/dataconnect.yaml`
E0925 15:47:11.274867    2086 watch.go:31] Failed to load config from "/home/user/studio/dataconnect": location is required in dataconnect.yaml at `/home/user/studio/dataconnect/dataconnect.yaml`
E0925 15:47:21.275261    2086 watch.go:31] Failed to load config from "/home/user/studio/dataconnect": location is required in dataconnect.yaml at `/home/user/studio/dataconnect/dataconnect.yaml`
E0925 15:47:31.275272    2086 watch.go:31] Failed to load config from "/home/user/studio/dataconnect": location is required in dataconnect.yaml at `/home/user/studio/dataconnect/dataconnect.yaml`
E0925 15:47:41.283680    2086 watch.go:31] Failed to load config from "/home/user/studio/dataconnect": location is required in dataconnect.yaml at `/home/user/studio/dataconnect/dataconnect.yaml`
E0925 15:47:51.283833    2086 watch.go:31] Failed to load config from "/home/user/studio/dataconnect": location is required in dataconnect.yaml at `/home/user/studio/dataconnect/dataconnect.yaml`
E0925 15:48:01.275102    2086 watch.go:31] Failed to load config from "/home/user/studio/dataconnect": location is required in dataconnect.yaml at `/home/user/studio/dataconnect/dataconnect.yaml`
E0925 15:48:11.274831    2086 watch.go:31] Failed to load config from "/home/user/studio/dataconnect": location is required in dataconnect.yaml at `/home/user/studio/dataconnect/dataconnect.yaml`
E0925 15:48:21.283439    2086 watch.go:31] Failed to load config from "/home/user/studio/dataconnect": location is required in dataconnect.yaml at `/home/user/studio/dataconnect/dataconnect.yaml`
E0925 15:48:31.274689    2086 watch.go:31] Failed to load config from "/home/user/studio/dataconnect": location is required in dataconnect.yaml at `/home/user/studio/dataconnect/dataconnect.yaml`
E0925 15:48:41.284009    2086 watch.go:31] Failed to load config from "/home/user/studio/dataconnect": location is required in dataconnect.yaml at `/home/user/studio/dataconnect/dataconnect.yaml`
E0925 15:48:51.284243    2086 watch.go:31] Failed to load config from "/home/user/studio/dataconnect": location is required in dataconnect.yaml at `/home/user/studio/dataconnect/dataconnect.yaml`
E0925 15:49:01.275643    2086 watch.go:31] Failed to load config from "/home/user/studio/dataconnect": location is required in dataconnect.yaml at `/home/user/studio/dataconnect/dataconnect.yaml`
E0925 15:49:11.284380    2086 watch.go:31] Failed to load config from "/home/user/studio/dataconnect": location is required in dataconnect.yaml at `/home/user/studio/dataconnect/dataconnect.yaml`
E0925 15:49:21.283343    2086 watch.go:31] Failed to load config from "/home/user/studio/dataconnect": location is required in dataconnect.yaml at `/home/user/studio/dataconnect/dataconnect.yaml`
E0925 15:49:31.274734    2086 watch.go:31] Failed to load config from "/home/user/studio/dataconnect": location is required in dataconnect.yaml at `/home/user/studio/dataconnect/dataconnect.yaml`
E0925 15:49:41.283388    2086 watch.go:31] Failed to load config from "/home/user/studio/dataconnect": location is required in dataconnect.yaml at `/home/user/studio/dataconnect/dataconnect.yaml`
E0925 15:49:51.283414    2086 watch.go:31] Failed to load config from "/home/user/studio/dataconnect": location is required in dataconnect.yaml at `/home/user/studio/dataconnect/dataconnect.yaml`
E0925 15:50:01.276435    2086 watch.go:31] Failed to load config from "/home/user/studio/dataconnect": location is required in dataconnect.yaml at `/home/user/studio/dataconnect/dataconnect.yaml`
E0925 15:50:11.284584    2086 watch.go:31] Failed to load config from "/home/user/studio/dataconnect": location is required in dataconnect.yaml at `/home/user/studio/dataconnect/dataconnect.yaml`
E0925 15:50:21.283620    2086 watch.go:31] Failed to load config from "/home/user/studio/dataconnect": location is required in dataconnect.yaml at `/home/user/studio/dataconnect/dataconnect.yaml`
E0925 15:50:31.275385    2086 watch.go:31] Failed to load config from "/home/user/studio/dataconnect": location is required in dataconnect.yaml at `/home/user/studio/dataconnect/dataconnect.yaml`
E0925 15:50:41.276701    2086 watch.go:31] Failed to load config from "/home/user/studio/dataconnect": location is required in dataconnect.yaml at `/home/user/studio/dataconnect/dataconnect.yaml`
E0925 15:50:51.283564    2086 watch.go:31] Failed to load config from "/home/user/studio/dataconnect": location is required in dataconnect.yaml at `/home/user/studio/dataconnect/dataconnect.yaml`
E0925 15:51:01.274673    2086 watch.go:31] Failed to load config from "/home/user/studio/dataconnect": location is required in dataconnect.yaml at `/home/user/studio/dataconnect/dataconnect.yaml`
E0925 15:51:11.284070    2086 watch.go:31] Failed to load config from "/home/user/studio/dataconnect": location is required in dataconnect.yaml at `/home/user/studio/dataconnect/dataconnect.yaml`
E0925 15:51:21.277754    2086 watch.go:31] Failed to load config from "/home/user/studio/dataconnect": location is required in dataconnect.yaml at `/home/user/studio/dataconnect/dataconnect.yaml`
E0925 15:51:31.275520    2086 watch.go:31] Failed to load config from "/home/user/studio/dataconnect": location is required in dataconnect.yaml at `/home/user/studio/dataconnect/dataconnect.yaml`
E0925 15:51:41.274819    2086 watch.go:31] Failed to load config from "/home/user/studio/dataconnect": location is required in dataconnect.yaml at `/home/user/studio/dataconnect/dataconnect.yaml`
E0925 15:51:51.279721    2086 watch.go:31] Failed to load config from "/home/user/studio/dataconnect": location is required in dataconnect.yaml at `/home/user/studio/dataconnect/dataconnect.yaml`
E0925 15:52:01.275215    2086 watch.go:31] Failed to load config from "/home/user/studio/dataconnect": location is required in dataconnect.yaml at `/home/user/studio/dataconnect/dataconnect.yaml`
E0925 15:52:11.274842    2086 watch.go:31] Failed to load config from "/home/user/studio/dataconnect": location is required in dataconnect.yaml at `/home/user/studio/dataconnect/dataconnect.yaml`
E0925 15:52:21.274776    2086 watch.go:31] Failed to load config from "/home/user/studio/dataconnect": location is required in dataconnect.yaml at `/home/user/studio/dataconnect/dataconnect.yaml`
E0925 15:52:31.274700    2086 watch.go:31] Failed to load config from "/home/user/studio/dataconnect": location is required in dataconnect.yaml at `/home/user/studio/dataconnect/dataconnect.yaml`
E0925 15:52:41.283411    2086 watch.go:31] Failed to load config from "/home/user/studio/dataconnect": location is required in dataconnect.yaml at `/home/user/studio/dataconnect/dataconnect.yaml`
E0925 15:52:51.277791    2086 watch.go:31] Failed to load config from "/home/user/studio/dataconnect": location is required in dataconnect.yaml at `/home/user/studio/dataconnect/dataconnect.yaml`
E0925 15:53:01.275515    2086 watch.go:31] Failed to load config from "/home/user/studio/dataconnect": location is required in dataconnect.yaml at `/home/user/studio/dataconnect/dataconnect.yaml`
E0925 15:53:11.280382    2086 watch.go:31] Failed to load config from "/home/user/studio/dataconnect": location is required in dataconnect.yaml at `/home/user/studio/dataconnect/dataconnect.yaml`
E0925 15:53:21.283422    2086 watch.go:31] Failed to load config from "/home/user/studio/dataconnect": location is required in dataconnect.yaml at `/home/user/studio/dataconnect/dataconnect.yaml`
E0925 15:53:31.274696    2086 watch.go:31] Failed to load config from "/home/user/studio/dataconnect": location is required in dataconnect.yaml at `/home/user/studio/dataconnect/dataconnect.yaml`
E0925 15:53:41.274766    2086 watch.go:31] Failed to load config from "/home/user/studio/dataconnect": location is required in dataconnect.yaml at `/home/user/studio/dataconnect/dataconnect.yaml`
E0925 15:53:51.274764    2086 watch.go:31] Failed to load config from "/home/user/studio/dataconnect": location is required in dataconnect.yaml at `/home/user/studio/dataconnect/dataconnect.yaml`
E0925 15:54:01.274805    2086 watch.go:31] Failed to load config from "/home/user/studio/dataconnect": location is required in dataconnect.yaml at `/home/user/studio/dataconnect/dataconnect.yaml`
E0925 15:54:11.283526    2086 watch.go:31] Failed to load config from "/home/user/studio/dataconnect": location is required in dataconnect.yaml at `/home/user/studio/dataconnect/dataconnect.yaml`
E0925 15:54:21.293923    2086 watch.go:31] Failed to load config from "/home/user/studio/dataconnect": location is required in dataconnect.yaml at `/home/user/studio/dataconnect/dataconnect.yaml`
E0925 15:54:31.274598    2086 watch.go:31] Failed to load config from "/home/user/studio/dataconnect": location is required in dataconnect.yaml at `/home/user/studio/dataconnect/dataconnect.yaml`
E0925 15:54:41.283381    2086 watch.go:31] Failed to load config from "/home/user/studio/dataconnect": location is required in dataconnect.yaml at `/home/user/studio/dataconnect/dataconnect.yaml`
E0925 15:54:51.274804    2086 watch.go:31] Failed to load config from "/home/user/studio/dataconnect": location is required in dataconnect.yaml at `/home/user/studio/dataconnect/dataconnect.yaml`
E0925 15:55:01.275124    2086 watch.go:31] Failed to load config from "/home/user/studio/dataconnect": location is required in dataconnect.yaml at `/home/user/studio/dataconnect/dataconnect.yaml`
E0925 15:55:11.274793    2086 watch.go:31] Failed to load config from "/home/user/studio/dataconnect": location is required in dataconnect.yaml at `/home/user/studio/dataconnect/dataconnect.yaml`
E0925 15:55:21.283961    2086 watch.go:31] Failed to load config from "/home/user/studio/dataconnect": location is required in dataconnect.yaml at `/home/user/studio/dataconnect/dataconnect.yaml`
E0925 15:55:31.275204    2086 watch.go:31] Failed to load config from "/home/user/studio/dataconnect": location is required in dataconnect.yaml at `/home/user/studio/dataconnect/dataconnect.yaml`
E0925 15:55:41.283935    2086 watch.go:31] Failed to load config from "/home/user/studio/dataconnect": location is required in dataconnect.yaml at `/home/user/studio/dataconnect/dataconnect.yaml`
E0925 15:55:51.275251    2086 watch.go:31] Failed to load config from "/home/user/studio/dataconnect": location is required in dataconnect.yaml at `/home/user/studio/dataconnect/dataconnect.yaml`
E0925 15:56:01.274769    2086 watch.go:31] Failed to load config from "/home/user/studio/dataconnect": location is required in dataconnect.yaml at `/home/user/studio/dataconnect/dataconnect.yaml`
E0925 15:56:11.274820    2086 watch.go:31] Failed to load config from "/home/user/studio/dataconnect": location is required in dataconnect.yaml at `/home/user/studio/dataconnect/dataconnect.yaml`
E0925 15:56:21.274876    2086 watch.go:31] Failed to load config from "/home/user/studio/dataconnect": location is required in dataconnect.yaml at `/home/user/studio/dataconnect/dataconnect.yaml`
E0925 15:56:31.274622    2086 watch.go:31] Failed to load config from "/home/user/studio/dataconnect": location is required in dataconnect.yaml at `/home/user/studio/dataconnect/dataconnect.yaml`
E0925 15:56:41.283522    2086 watch.go:31] Failed to load config from "/home/user/studio/dataconnect": location is required in dataconnect.yaml at `/home/user/studio/dataconnect/dataconnect.yaml`
E0925 15:56:51.283903    2086 watch.go:31] Failed to load config from "/home/user/studio/dataconnect": location is required in dataconnect.yaml at `/home/user/studio/dataconnect/dataconnect.yaml`
I0925 15:57:01.278120    2086 load.go:31] Reloading schema and connectors...
E0925 15:57:01.309110    2086 load.go:63] Could not generate extensions: rpc error: code = NotFound desc = no schema found for service "studio-7875732711-2b800-service". No service has a schema.
E0925 15:57:01.309220    2086 load.go:73] Could not load sources: 
Errors: schema/schema.gql:23:33: Undefined directive relation.
I0925 15:57:01.311412    2086 collector.go:107] schema extensions wrote into "/home/user/studio/dataconnect/.dataconnect/schema"
Generated sources: prelude.gql [73251B] 
I0925 15:57:01.314350    2086 load.go:74] Finished reloading
