[debug] [2025-09-22T18:24:49.162Z] ----------------------------------------------------------------------
[debug] [2025-09-22T18:24:49.167Z] Command:       /nix/store/ws50yvm6vzlzf7jzz6n7xh4szddrack1-nodejs-20.19.1/bin/node /nix/store/wma3rvxxva78rqvnpja82nx5b3mclpxg-firebase-tools-14.15.2/lib/node_modules/firebase-tools/lib/bin/firebase.js init
[debug] [2025-09-22T18:24:49.168Z] CLI Version:   14.15.2
[debug] [2025-09-22T18:24:49.169Z] Platform:      linux
[debug] [2025-09-22T18:24:49.170Z] Node Version:  v20.19.1
[debug] [2025-09-22T18:24:49.170Z] Time:          Mon Sep 22 2025 18:24:49 GMT+0000 (Coordinated Universal Time)
[debug] [2025-09-22T18:24:49.170Z] ----------------------------------------------------------------------
[debug] 
[debug] [2025-09-22T18:24:49.176Z] >>> [apiv2][query] GET https://firebase-public.firebaseio.com/cli.json [none]
[debug] [2025-09-22T18:24:49.318Z] No OAuth tokens found
[debug] [2025-09-22T18:24:49.320Z] No OAuth tokens found
[error] Failed to fetch Firebase Project from current Studio Workspace: Unable to refresh auth: not yet authenticated.
[debug] [2025-09-22T18:24:49.335Z] > command requires scopes: ["email","openid","https://www.googleapis.com/auth/cloudplatformprojects.readonly","https://www.googleapis.com/auth/firebase","https://www.googleapis.com/auth/cloud-platform","https://www.googleapis.com/auth/userinfo.email"]
[debug] [2025-09-22T18:24:49.449Z] <<< [apiv2][status] GET https://firebase-public.firebaseio.com/cli.json 200
[debug] [2025-09-22T18:24:49.450Z] <<< [apiv2][body] GET https://firebase-public.firebaseio.com/cli.json {"cloudBuildErrorAfter":1594252800000,"cloudBuildWarnAfter":1590019200000,"defaultNode10After":1594252800000,"minVersion":"3.0.5","node8DeploysDisabledAfter":1613390400000,"node8RuntimeDisabledAfter":1615809600000,"node8WarnAfter":1600128000000}
[debug] [2025-09-22T18:24:58.461Z] Running auto auth
[info] 
     ######## #### ########  ######## ########     ###     ######  ########
     ##        ##  ##     ## ##       ##     ##  ##   ##  ##       ##
     ######    ##  ########  ######   ########  #########  ######  ######
     ##        ##  ##    ##  ##       ##     ## ##     ##       ## ##
     ##       #### ##     ## ######## ########  ##     ##  ######  ########

You're about to initialize a Firebase project in this directory:

  /home/user/studio

[info] 
=== Project Setup
[info] 
[info] First, let's associate this project directory with a Firebase project.
[info] You can create multiple project aliases by running firebase use --add, 
[info] but for now we'll just set up a default project.
[info] 
[debug] [2025-09-22T18:27:34.647Z] Using project from CLI flag: monospace-15
[debug] [2025-09-22T18:27:34.648Z] No OAuth tokens found
[debug] [2025-09-22T18:27:34.649Z] >>> [apiv2][query] GET https://firebase.googleapis.com/v1beta1/projects/monospace-15 [none]
[debug] [2025-09-22T18:27:35.002Z] <<< [apiv2][status] GET https://firebase.googleapis.com/v1beta1/projects/monospace-15 403
[debug] [2025-09-22T18:27:35.003Z] <<< [apiv2][body] GET https://firebase.googleapis.com/v1beta1/projects/monospace-15 {"error":{"code":403,"message":"The caller does not have permission","status":"PERMISSION_DENIED"}}
[debug] [2025-09-22T18:27:35.004Z] Request to https://firebase.googleapis.com/v1beta1/projects/monospace-15 had HTTP Error: 403, The caller does not have permission
[debug] [2025-09-22T18:27:35.006Z] FirebaseError: Request to https://firebase.googleapis.com/v1beta1/projects/monospace-15 had HTTP Error: 403, The caller does not have permission
    at responseToError (/nix/store/wma3rvxxva78rqvnpja82nx5b3mclpxg-firebase-tools-14.15.2/lib/node_modules/firebase-tools/lib/responseToError.js:52:12)
    at RetryOperation._fn (/nix/store/wma3rvxxva78rqvnpja82nx5b3mclpxg-firebase-tools-14.15.2/lib/node_modules/firebase-tools/lib/apiv2.js:312:77)
    at process.processTicksAndRejections (node:internal/process/task_queues:95:5)
[error] 
[error] Error: Failed to get Firebase project monospace-15. Please make sure the project exists and your account has permission to access it.
