[debug] [2025-09-23T16:55:32.727Z] [Firebase Plugin] Activating Firebase extension.
[debug] [2025-09-23T16:56:35.614Z] [Firebase Plugin] requireAuthWrapper
[debug] [2025-09-23T16:56:35.616Z] > command requires scopes: ["email","openid","https://www.googleapis.com/auth/cloudplatformprojects.readonly","https://www.googleapis.com/auth/firebase","https://www.googleapis.com/auth/cloud-platform","https://www.googleapis.com/auth/userinfo.email"]
[debug] [2025-09-23T16:56:35.617Z] > authorizing via signed-in user (angelnereira15@gmail.com)
[debug] [2025-09-23T16:56:35.623Z] Checked if tokens are valid: false, expires at: 1758580158222
[debug] [2025-09-23T16:56:35.623Z] Checked if tokens are valid: false, expires at: 1758580158222
[debug] [2025-09-23T16:56:35.624Z] > refreshing access token with scopes: []
[debug] [2025-09-23T16:56:35.628Z] >>> [apiv2][query] POST https://www.googleapis.com/oauth2/v3/token [none]
[debug] [2025-09-23T16:56:35.629Z] >>> [apiv2][body] POST https://www.googleapis.com/oauth2/v3/token [omitted]
[debug] [2025-09-23T16:56:35.691Z] [Firebase Plugin] VSCode notification server listening on port 40001
[debug] [2025-09-23T16:56:35.793Z] <<< [apiv2][status] POST https://www.googleapis.com/oauth2/v3/token 200
[debug] [2025-09-23T16:56:35.794Z] <<< [apiv2][body] POST https://www.googleapis.com/oauth2/v3/token [omitted]
[debug] [2025-09-23T16:56:35.811Z] [Firebase Plugin] User found:  angelnereira15@gmail.com
[info] [Firebase Plugin] (Core:Project) New user detected, fetching projects
[debug] [2025-09-23T16:56:35.813Z] Checked if tokens are valid: true, expires at: 1758650194794
[debug] [2025-09-23T16:56:35.814Z] >>> [apiv2][query] GET https://firebase.googleapis.com/v1beta1/projects pageSize=1000
[debug] [2025-09-23T16:56:36.195Z] <<< [apiv2][status] GET https://firebase.googleapis.com/v1beta1/projects 200
[debug] [2025-09-23T16:56:36.196Z] <<< [apiv2][body] GET https://firebase.googleapis.com/v1beta1/projects [omitted]
[info] [Firebase Plugin] Starting Data Connect toolkit (version 2.13.0) on port 50001
[debug] [2025-09-23T16:58:57.449Z] I0923 16:58:57.431052    1206 control.go:94] [/emulator/studio-7875732711-2b800-service 16a3] UpdateResources(): done
Schema: sources: schema/schema.gql [0B] 
Connector "example": sources: 
 {"metadata":{"emulator":{"name":"dataconnect"},"message":"I0923 16:58:57.431052    1206 control.go:94] [/emulator/studio-7875732711-2b800-service 16a3] UpdateResources(): done\nSchema: sources: schema/schema.gql [0B] \nConnector \"example\": sources: \n"}}
[debug] [2025-09-23T16:58:57.451Z] Ignoring unsupported arg: auto_download {"metadata":{"emulator":{"name":"dataconnect"},"message":"Ignoring unsupported arg: auto_download"}}
[debug] [2025-09-23T16:58:57.451Z] Ignoring unsupported arg: port {"metadata":{"emulator":{"name":"dataconnect"},"message":"Ignoring unsupported arg: port"}}
[debug] [2025-09-23T16:58:57.451Z] Starting Data Connect Emulator with command {"binary":"/home/user/.cache/firebase/emulators/dataconnect-emulator-2.13.0","args":["--logtostderr","-v=2","dev","--listen=localhost:50001","--config_dir=/home/user/studio/dataconnect","--enable_output_schema_extensions=true","--enable_output_generated_sdk=true"],"optionalArgs":["listen","config_dir","enable_output_schema_extensions","enable_output_generated_sdk"],"joinArgs":true,"shell":false,"port":9399} {"metadata":{"emulator":{"name":"dataconnect"},"message":"Starting Data Connect Emulator with command {\"binary\":\"/home/user/.cache/firebase/emulators/dataconnect-emulator-2.13.0\",\"args\":[\"--logtostderr\",\"-v=2\",\"dev\",\"--listen=localhost:50001\",\"--config_dir=/home/user/studio/dataconnect\",\"--enable_output_schema_extensions=true\",\"--enable_output_generated_sdk=true\"],\"optionalArgs\":[\"listen\",\"config_dir\",\"enable_output_schema_extensions\",\"enable_output_generated_sdk\"],\"joinArgs\":true,\"shell\":false,\"port\":9399}"}}
[info] i  dataconnect: Data Connect Emulator logging to dataconnect-debug.log {"metadata":{"emulator":{"name":"dataconnect"},"message":"Data Connect Emulator logging to dataconnect-debug.log"}}
[debug] [2025-09-23T16:58:57.509Z] I0923 16:58:57.507238    1211 load.go:31] Reloading schema and connectors...
 {"metadata":{"emulator":{"name":"dataconnect"},"message":"I0923 16:58:57.507238    1211 load.go:31] Reloading schema and connectors...\n"}}
[debug] [2025-09-23T16:58:57.610Z] I0923 16:58:57.591203    1211 control.go:94] [/emulator/studio-7875732711-2b800-service dff4] UpdateResources(): done
Schema: sources: schema/schema.gql [0B] 
Connector "example": sources: 
 {"metadata":{"emulator":{"name":"dataconnect"},"message":"I0923 16:58:57.591203    1211 control.go:94] [/emulator/studio-7875732711-2b800-service dff4] UpdateResources(): done\nSchema: sources: schema/schema.gql [0B] \nConnector \"example\": sources: \n"}}
[debug] [2025-09-23T16:58:57.677Z] E0923 16:58:57.674744    1211 load.go:95] Errors generating SDK: [connector "example"]: invalid Data Connect Connector no query found in connector
 {"metadata":{"emulator":{"name":"dataconnect"},"message":"E0923 16:58:57.674744    1211 load.go:95] Errors generating SDK: [connector \"example\"]: invalid Data Connect Connector no query found in connector\n"}}
[debug] [2025-09-23T16:58:57.680Z] I0923 16:58:57.675508    1211 collector.go:107] schema extensions wrote into "/home/user/studio/dataconnect/.dataconnect/schema"
Generated sources: prelude.gql [73251B] 
I0923 16:58:57.678099    1211 load.go:109] Finished reloading
 {"metadata":{"emulator":{"name":"dataconnect"},"message":"I0923 16:58:57.675508    1211 collector.go:107] schema extensions wrote into \"/home/user/studio/dataconnect/.dataconnect/schema\"\nGenerated sources: prelude.gql [73251B] \nI0923 16:58:57.678099    1211 load.go:109] Finished reloading\n"}}
[debug] [2025-09-23T16:58:57.704Z] I0923 16:58:57.704389    1211 dev.go:102] Listening on address (HTTP + gRPC): 127.0.0.1:50001
 {"metadata":{"emulator":{"name":"dataconnect"},"message":"I0923 16:58:57.704389    1211 dev.go:102] Listening on address (HTTP + gRPC): 127.0.0.1:50001\n"}}
[debug] [2025-09-23T16:58:57.772Z] I0923 16:58:57.770518    1211 engine.go:169] [/emulator/studio-7875732711-2b800-service dff4] ExecuteGraphqlRead IntrospectionQuery: succeeded. 
 {"metadata":{"emulator":{"name":"dataconnect"},"message":"I0923 16:58:57.770518    1211 engine.go:169] [/emulator/studio-7875732711-2b800-service dff4] ExecuteGraphqlRead IntrospectionQuery: succeeded. \n"}}
[debug] [2025-09-23T17:35:27.689Z] I0923 17:35:27.679671    1211 load.go:31] Reloading schema and connectors...
E0923 17:35:27.681798    1211 load.go:73] Could not load sources: 
Errors: schema/schema.gql:23:33: Undefined directive relation.
I0923 17:35:27.682397    1211 collector.go:107] schema extensions wrote into "/home/user/studio/dataconnect/.dataconnect/schema"
Generated sources: prelude.gql [73251B] 
I0923 17:35:27.682452    1211 load.go:74] Finished reloading
 {"metadata":{"emulator":{"name":"dataconnect"},"message":"I0923 17:35:27.679671    1211 load.go:31] Reloading schema and connectors...\nE0923 17:35:27.681798    1211 load.go:73] Could not load sources: \nErrors: schema/schema.gql:23:33: Undefined directive relation.\nI0923 17:35:27.682397    1211 collector.go:107] schema extensions wrote into \"/home/user/studio/dataconnect/.dataconnect/schema\"\nGenerated sources: prelude.gql [73251B] \nI0923 17:35:27.682452    1211 load.go:74] Finished reloading\n"}}
